#-----------------------------------------------------------
# Vivado v2019.2 (64-bit)
# SW Build 2708876 on Wed Nov  6 21:40:23 MST 2019
# IP Build 2700528 on Thu Nov  7 00:09:20 MST 2019
# Start of session at: Mon Mar 30 13:44:31 2020
# Process ID: 6720
# Current directory: E:/CENG342/lab_6
# Command line: vivado.exe -gui_launcher_event rodinguilauncherevent15776 E:\CENG342\lab_6\lab_6.xpr
# Log file: E:/CENG342/lab_6/vivado.log
# Journal file: E:/CENG342/lab_6\vivado.jou
#-----------------------------------------------------------
start_gui
open_project E:/CENG342/lab_6/lab_6.xpr
Scanning sources...
Finished scanning sources
INFO: [IP_Flow 19-234] Refreshing IP repositories
INFO: [IP_Flow 19-1704] No user IP repositories specified
INFO: [IP_Flow 19-2313] Loaded Vivado IP repository 'E:/Xilinx/Vivado/2019.2/data/ip'.
open_project: Time (s): cpu = 00:00:16 ; elapsed = 00:00:06 . Memory (MB): peak = 807.367 ; gain = 114.063
update_compile_order -fileset sources_1
exit
INFO: [Common 17-206] Exiting Vivado at Mon Mar 30 19:50:40 2020...
